\BOOKMARK [0][-]{chapter*.2}{\376\377\000D\000i\000s\000c\000l\000a\000i\000m\000e\000r}{}% 1
\BOOKMARK [0][-]{chapter*.3}{\376\377\000R\000e\000v\000i\000s\000i\000o\000n\000\040\000H\000i\000s\000t\000o\000r\000y}{}% 2
\BOOKMARK [0][-]{chapter.1}{\376\377\000P\000u\000r\000p\000o\000s\000e}{}% 3
\BOOKMARK [0][-]{chapter.2}{\376\377\000P\000r\000o\000j\000e\000c\000t\000\040\000O\000v\000e\000r\000v\000i\000e\000w}{}% 4
\BOOKMARK [0][-]{chapter.3}{\376\377\000R\000e\000s\000u\000l\000t\000s}{}% 5
\BOOKMARK [1][-]{section.3.1}{\376\377\000F\000l\000a\000t\000\040\000r\000u\000n\000s\000\040\000-\000\040\000D\000M\000A\000T\000\040\0003\000.\0002\000.\0003}{chapter.3}% 6
\BOOKMARK [1][-]{section.3.2}{\376\377\000B\000a\000l\000a\000n\000c\000e\000d\000\040\000f\000a\000u\000l\000t\000s\000\040\000-\000\040\000D\000M\000A\000T\000\040\0003\000.\0002\000.\0004}{chapter.3}% 7
\BOOKMARK [1][-]{section.3.3}{\376\377\000U\000n\000b\000a\000l\000a\000n\000c\000e\000d\000\040\000f\000a\000u\000l\000t\000s\000\040\000-\000\040\000D\000M\000A\000T\000\040\0003\000.\0002\000.\0005}{chapter.3}% 8
\BOOKMARK [1][-]{section.3.4}{\376\377\000M\000u\000l\000t\000i\000p\000l\000e\000\040\000f\000a\000u\000l\000t\000\040\000r\000i\000d\000e\000-\000t\000h\000r\000o\000u\000g\000h\000\040\000\050\000P\000S\000C\000A\000D\000\051\000\040\000-\000\040\000D\000M\000A\000T\000\040\0003\000.\0002\000.\0006}{chapter.3}% 9
\BOOKMARK [1][-]{section.3.5}{\376\377\000T\000e\000m\000p\000o\000r\000a\000r\000y\000\040\000o\000v\000e\000r\000-\000v\000o\000l\000t\000a\000g\000e\000\040\000-\000\040\000D\000M\000A\000T\000\040\0003\000.\0002\000.\0009}{chapter.3}% 10
\BOOKMARK [1][-]{section.3.6}{\376\377\000V\000o\000l\000t\000a\000g\000e\000\040\000r\000e\000f\000e\000r\000e\000n\000c\000e\000\040\000s\000t\000e\000p\000\040\000c\000h\000a\000n\000g\000e\000s\000\040\000-\000\040\000D\000M\000A\000T\000\040\0003\000.\0002\000.\0001\0000}{chapter.3}% 11
\BOOKMARK [1][-]{section.3.7}{\376\377\000A\000c\000t\000i\000v\000e\000\040\000p\000o\000w\000e\000r\000\040\000r\000e\000f\000e\000r\000e\000n\000c\000e\000\040\000c\000h\000a\000n\000g\000e\000s\000\040\000-\000\040\000D\000M\000A\000T\000\040\0003\000.\0002\000.\0001\0001}{chapter.3}% 12
\BOOKMARK [1][-]{section.3.8}{\376\377\000G\000r\000i\000d\000\040\000f\000r\000e\000q\000u\000e\000n\000c\000y\000\040\000c\000o\000n\000t\000r\000o\000l\000l\000e\000r\000\040\000t\000e\000s\000t\000\040\000-\000\040\000D\000M\000A\000T\000\040\0003\000.\0002\000.\0001\0002}{chapter.3}% 13
\BOOKMARK [1][-]{section.3.9}{\376\377\000G\000r\000i\000d\000\040\000v\000o\000l\000t\000a\000g\000e\000\040\000c\000h\000a\000n\000g\000e\000\040\000r\000e\000s\000p\000o\000n\000s\000e\000\040\000t\000e\000s\000t\000s\000\040\000-\000\040\000D\000M\000A\000T\000\040\0003\000.\0002\000.\0001\0004}{chapter.3}% 14
\BOOKMARK [1][-]{section.3.10}{\376\377\000G\000r\000i\000d\000\040\000o\000s\000c\000i\000l\000l\000a\000t\000i\000o\000n\000\040\000r\000e\000j\000e\000c\000t\000i\000o\000n\000\040\000t\000e\000s\000t\000s\000\040\000-\000\040\000D\000M\000A\000T\000\040\0003\000.\0002\000.\0001\0005}{chapter.3}% 15
\BOOKMARK [1][-]{section.3.11}{\376\377\000G\000r\000i\000d\000\040\000v\000o\000l\000t\000a\000g\000e\000\040\000a\000n\000g\000l\000e\000\040\000c\000h\000a\000n\000g\000e\000\040\000r\000e\000s\000p\000o\000n\000s\000e\000\040\000t\000e\000s\000t\000s\000\040\000-\000\040\000D\000M\000A\000T\000\040\0003\000.\0002\000.\0001\0006}{chapter.3}% 16
\BOOKMARK [1][-]{section.3.12}{\376\377\000A\000c\000t\000i\000v\000e\000\040\000p\000o\000w\000e\000r\000\040\000r\000e\000f\000e\000r\000e\000n\000c\000e\000\040\000c\000h\000a\000n\000g\000e\000\040\000t\000e\000s\000t\000s\000\040\000\050\000P\000O\000C\000\040\000S\000C\000R\000=\0001\000\051\000\040\000-\000\040\000D\000M\000A\000T\000\040\0003\000.\0002\000.\0001\0007}{chapter.3}% 17
\BOOKMARK [1][-]{section.3.13}{\376\377\000F\000R\000T\000\040\000t\000e\000s\000t\000s\000\040\000a\000t\000\040\000S\000C\000R\000=\0001\000\040\000-\000\040\000D\000M\000A\000T\000\040\0003\000.\0002\000.\0001\0008}{chapter.3}% 18
\BOOKMARK [1][-]{section.3.14}{\376\377\000F\000R\000T\000\040\000t\000e\000s\000t\000s\000\040\000a\000t\000\040\000s\000i\000t\000e\000\040\000s\000p\000e\000c\000i\000f\000i\000c\000\040\000S\000C\000R\000\040\000-\000\040\000D\000M\000A\000T\000\040\0003\000.\0002\000.\0001\0009}{chapter.3}% 19
\BOOKMARK [1][-]{section.3.15}{\376\377\000A\000d\000d\000i\000t\000i\000o\000n\000a\000l\000\040\000t\000e\000s\000t\000s\000\040\000f\000o\000r\000\040\000S\000o\000u\000t\000h\000\040\000A\000u\000s\000t\000r\000a\000l\000i\000a\000n\000\040\000C\000o\000n\000n\000e\000c\000t\000i\000o\000n\000s}{chapter.3}% 20
\BOOKMARK [0][-]{chapter.4}{\376\377\000A\000p\000p\000e\000n\000d\000i\000c\000e\000s}{}% 21
\BOOKMARK [1][-]{section.4.1}{\376\377\000A\000p\000p\000e\000n\000d\000i\000x\000\040\000A\000:\000\040\000F\000l\000a\000t\000\040\000r\000u\000n\000s}{chapter.4}% 22
\BOOKMARK [1][-]{section.4.2}{\376\377\000A\000p\000p\000e\000n\000d\000i\000x\000\040\000B\000:\000\040\000B\000a\000l\000a\000n\000c\000e\000d\000\040\000f\000a\000u\000l\000t\000s}{chapter.4}% 23
\BOOKMARK [1][-]{section.4.3}{\376\377\000A\000p\000p\000e\000n\000d\000i\000x\000\040\000C\000:\000\040\000U\000n\000b\000a\000l\000a\000n\000c\000e\000d\000\040\000f\000a\000u\000l\000t\000s}{chapter.4}% 24
\BOOKMARK [1][-]{section.4.4}{\376\377\000A\000p\000p\000e\000n\000d\000i\000x\000\040\000D\000:\000\040\000M\000u\000l\000t\000i\000p\000l\000e\000\040\000f\000a\000u\000l\000t\000\040\000r\000i\000d\000e\000-\000t\000h\000r\000o\000u\000g\000h\000\040\000t\000e\000s\000t\000s}{chapter.4}% 25
\BOOKMARK [1][-]{section.4.5}{\376\377\000A\000p\000p\000e\000n\000d\000i\000x\000\040\000E\000:\000\040\000T\000e\000m\000p\000o\000r\000a\000r\000y\000\040\000o\000v\000e\000r\000-\000v\000o\000l\000t\000a\000g\000e\000\040\000t\000e\000s\000t\000s}{chapter.4}% 26
\BOOKMARK [1][-]{section.4.6}{\376\377\000A\000p\000p\000e\000n\000d\000i\000x\000\040\000F\000:\000\040\000V\000o\000l\000t\000a\000g\000e\000\040\000r\000e\000f\000e\000r\000e\000n\000c\000e\000\040\000s\000t\000e\000p\000\040\000c\000h\000a\000n\000g\000e\000\040\000t\000e\000s\000t\000s}{chapter.4}% 27
\BOOKMARK [1][-]{section.4.7}{\376\377\000A\000p\000p\000e\000n\000d\000i\000x\000\040\000G\000:\000\040\000A\000c\000t\000i\000v\000e\000\040\000p\000o\000w\000e\000r\000\040\000r\000e\000f\000e\000r\000e\000n\000c\000e\000\040\000c\000h\000a\000n\000g\000e\000\040\000t\000e\000s\000t\000s}{chapter.4}% 28
\BOOKMARK [1][-]{section.4.8}{\376\377\000A\000p\000p\000e\000n\000d\000i\000x\000\040\000H\000:\000\040\000G\000r\000i\000d\000\040\000f\000r\000e\000q\000u\000e\000n\000c\000y\000\040\000c\000o\000n\000t\000r\000o\000l\000l\000e\000r\000\040\000t\000e\000s\000t\000s}{chapter.4}% 29
\BOOKMARK [1][-]{section.4.9}{\376\377\000A\000p\000p\000e\000n\000d\000i\000x\000\040\000I\000:\000\040\000G\000r\000i\000d\000\040\000v\000o\000l\000t\000a\000g\000e\000\040\000c\000h\000a\000n\000g\000e\000\040\000r\000e\000s\000p\000o\000n\000s\000e\000\040\000t\000e\000s\000t\000s}{chapter.4}% 30
\BOOKMARK [1][-]{section.4.10}{\376\377\000A\000p\000p\000e\000n\000d\000i\000x\000\040\000J\000:\000\040\000G\000r\000i\000d\000\040\000o\000s\000c\000i\000l\000l\000a\000t\000i\000o\000n\000\040\000r\000e\000j\000e\000c\000t\000i\000o\000n\000\040\000t\000e\000s\000t\000s}{chapter.4}% 31
\BOOKMARK [1][-]{section.4.11}{\376\377\000A\000p\000p\000e\000n\000d\000i\000x\000\040\000K\000:\000\040\000G\000r\000i\000d\000\040\000v\000o\000l\000t\000a\000g\000e\000\040\000a\000n\000g\000l\000e\000\040\000c\000h\000a\000n\000g\000e\000\040\000r\000e\000s\000p\000o\000n\000s\000e\000\040\000t\000e\000s\000t\000s}{chapter.4}% 32
\BOOKMARK [1][-]{section.4.12}{\376\377\000A\000p\000p\000e\000n\000d\000i\000x\000\040\000L\000:\000\040\000A\000c\000t\000i\000v\000e\000\040\000p\000o\000w\000e\000r\000\040\000r\000e\000f\000e\000r\000e\000n\000c\000e\000\040\000c\000h\000a\000n\000g\000e\000\040\000t\000e\000s\000t\000s\000\040\000\050\000P\000O\000C\000\040\000S\000C\000R\000=\0001\000\051}{chapter.4}% 33
\BOOKMARK [1][-]{section.4.13}{\376\377\000A\000p\000p\000e\000n\000d\000i\000x\000\040\000M\000:\000\040\000F\000R\000T\000\040\000t\000e\000s\000t\000s\000\040\000a\000t\000\040\000S\000C\000R\000=\0001}{chapter.4}% 34
\BOOKMARK [1][-]{section.4.14}{\376\377\000A\000p\000p\000e\000n\000d\000i\000x\000\040\000N\000:\000\040\000F\000R\000T\000\040\000t\000e\000s\000t\000s\000\040\000a\000t\000\040\000s\000i\000t\000e\000-\000s\000p\000e\000c\000i\000f\000i\000c\000\040\000S\000C\000R}{chapter.4}% 35
\BOOKMARK [1][-]{section.4.15}{\376\377\000A\000p\000p\000e\000n\000d\000i\000x\000\040\000O\000:\000\040\000I\000n\000p\000u\000t\000\040\000p\000o\000w\000e\000r\000\040\000s\000o\000u\000r\000c\000e\000\040\000s\000t\000e\000p\000\040\000c\000h\000a\000n\000g\000e\000\040\000t\000e\000s\000t\000s}{chapter.4}% 36
\BOOKMARK [1][-]{section.4.16}{\376\377\000A\000p\000p\000e\000n\000d\000i\000x\000\040\000P\000:\000\040\000P\000o\000w\000e\000r\000\040\000f\000a\000c\000t\000o\000r\000\040\000r\000e\000f\000e\000r\000e\000n\000c\000e\000\040\000s\000t\000e\000p\000\040\000c\000h\000a\000n\000g\000e\000\040\000t\000e\000s\000t\000s}{chapter.4}% 37
\BOOKMARK [1][-]{section.4.17}{\376\377\000A\000p\000p\000e\000n\000d\000i\000x\000\040\000Q\000:\000\040\000R\000e\000a\000c\000t\000i\000v\000e\000\040\000p\000o\000w\000e\000r\000\040\000r\000e\000f\000e\000r\000e\000n\000c\000e\000\040\000s\000t\000e\000p\000\040\000c\000h\000a\000n\000g\000e\000\040\000t\000e\000s\000t\000s}{chapter.4}% 38
