\BOOKMARK [0][-]{chapter*.1}{\376\377\000D\000i\000s\000c\000l\000a\000i\000m\000e\000r}{}% 1
\BOOKMARK [0][-]{chapter*.2}{\376\377\000R\000e\000v\000i\000s\000i\000o\000n\000\040\000H\000i\000s\000t\000o\000r\000y}{}% 2
\BOOKMARK [0][-]{chapter.1}{\376\377\000P\000u\000r\000p\000o\000s\000e}{}% 3
\BOOKMARK [0][-]{chapter.2}{\376\377\000P\000r\000o\000j\000e\000c\000t\000\040\000O\000v\000e\000r\000v\000i\000e\000w}{}% 4
\BOOKMARK [0][-]{chapter.3}{\376\377\000P\000e\000r\000f\000o\000r\000m\000a\000n\000c\000e\000\040\000S\000t\000a\000n\000d\000a\000r\000d\000s}{}% 5
\BOOKMARK [1][-]{section.3.1}{\376\377\000[\000S\0005\000.\0002\000.\0005\000.\0001\000]\000\040\000R\000e\000a\000c\000t\000i\000v\000e\000\040\000P\000o\000w\000e\000r\000\040\000C\000a\000p\000a\000b\000i\000l\000i\000t\000y\000\040\000a\000n\000d\000\040\000P\000o\000w\000e\000r\000\040\000F\000a\000c\000t\000o\000r\000\040\000R\000e\000q\000u\000i\000r\000e\000m\000e\000n\000t\000s}{chapter.3}% 6
\BOOKMARK [2][-]{subsection.3.1.1}{\376\377\000A\000u\000t\000o\000m\000a\000t\000i\000c\000\040\000A\000c\000c\000e\000s\000s\000\040\000S\000t\000a\000n\000d\000a\000r\000d}{section.3.1}% 7
\BOOKMARK [2][-]{subsection.3.1.2}{\376\377\000A\000s\000s\000e\000s\000s\000m\000e\000n\000t\000\040\000M\000e\000t\000h\000o\000d\000o\000l\000o\000g\000y}{section.3.1}% 8
\BOOKMARK [2][-]{subsection.3.1.3}{\376\377\000R\000e\000s\000u\000l\000t\000s}{section.3.1}% 9
\BOOKMARK [1][-]{section.3.2}{\376\377\000[\000S\0005\000.\0002\000.\0005\000.\0002\000]\000\040\000Q\000u\000a\000l\000i\000t\000y\000\040\000o\000f\000\040\000E\000l\000e\000c\000t\000r\000i\000c\000i\000t\000y\000\040\000G\000e\000n\000e\000r\000a\000t\000e\000d\000\040\000a\000n\000d\000\040\000B\000a\000l\000a\000n\000c\000i\000n\000g\000\040\000L\000o\000a\000d\000\040\000C\000u\000r\000r\000e\000n\000t\000\040\000V\000o\000l\000t\000a\000g\000e\000\040\000F\000l\000u\000c\000t\000u\000a\000t\000i\000o\000n\000s\000\040\000H\000a\000r\000m\000o\000n\000i\000c\000s\000\040\000a\000n\000d\000\040\000V\000o\000l\000t\000a\000g\000e\000\040\000N\000o\000t\000c\000h\000i\000n\000g}{chapter.3}% 10
\BOOKMARK [2][-]{subsection.3.2.1}{\376\377\000A\000u\000t\000o\000m\000a\000t\000i\000c\000\040\000A\000c\000c\000e\000s\000s\000\040\000S\000t\000a\000n\000d\000a\000r\000d}{section.3.2}% 11
\BOOKMARK [2][-]{subsection.3.2.2}{\376\377\000A\000s\000s\000e\000s\000s\000m\000e\000n\000t}{section.3.2}% 12
\BOOKMARK [1][-]{section.3.3}{\376\377\000[\000S\0005\000.\0002\000.\0005\000.\0003\000]\000\040\000G\000e\000n\000e\000r\000a\000t\000i\000n\000g\000\040\000S\000y\000s\000t\000e\000m\000\040\000R\000e\000s\000p\000o\000n\000s\000e\000\040\000t\000o\000\040\000F\000r\000e\000q\000u\000e\000n\000c\000y\000\040\000D\000i\000s\000t\000u\000r\000b\000a\000n\000c\000e\000s}{chapter.3}% 13
\BOOKMARK [2][-]{subsection.3.3.1}{\376\377\000A\000u\000t\000o\000m\000a\000t\000i\000c\000\040\000A\000c\000c\000e\000s\000s\000\040\000S\000t\000a\000n\000d\000a\000r\000d}{section.3.3}% 14
\BOOKMARK [2][-]{subsection.3.3.2}{\376\377\000A\000s\000s\000e\000s\000s\000m\000e\000n\000t\000\040\000M\000e\000t\000h\000o\000d\000o\000l\000o\000g\000y}{section.3.3}% 15
\BOOKMARK [2][-]{subsection.3.3.3}{\376\377\000R\000e\000s\000u\000l\000t\000s}{section.3.3}% 16
\BOOKMARK [1][-]{section.3.4}{\376\377\000[\000S\0005\000.\0002\000.\0005\000.\0004\000]\000\040\000G\000e\000n\000e\000r\000a\000t\000i\000n\000g\000\040\000S\000y\000s\000t\000e\000m\000\040\000R\000e\000s\000p\000o\000n\000s\000e\000\040\000t\000o\000\040\000V\000o\000l\000t\000a\000g\000e\000\040\000D\000i\000s\000t\000u\000r\000b\000a\000n\000c\000e\000s}{chapter.3}% 17
\BOOKMARK [2][-]{subsection.3.4.1}{\376\377\000A\000u\000t\000o\000m\000a\000t\000i\000c\000\040\000A\000c\000c\000e\000s\000s\000\040\000S\000t\000a\000n\000d\000a\000r\000d}{section.3.4}% 18
\BOOKMARK [2][-]{subsection.3.4.2}{\376\377\000A\000s\000s\000e\000s\000s\000m\000e\000n\000t\000\040\000M\000e\000t\000h\000o\000d\000o\000l\000o\000g\000y}{section.3.4}% 19
\BOOKMARK [2][-]{subsection.3.4.3}{\376\377\000R\000e\000s\000u\000l\000t\000s}{section.3.4}% 20
\BOOKMARK [1][-]{section.3.5}{\376\377\000[\000S\0005\000.\0002\000.\0005\000.\0005\000]\000\040\000G\000e\000n\000e\000r\000a\000t\000i\000n\000g\000\040\000S\000y\000s\000t\000e\000m\000\040\000R\000e\000s\000p\000o\000n\000s\000e\000\040\000t\000o\000\040\000D\000i\000s\000t\000u\000r\000b\000a\000n\000c\000e\000s\000\040\000F\000o\000l\000l\000o\000w\000i\000n\000g\000\040\000C\000o\000n\000t\000i\000n\000g\000e\000n\000c\000y\000\040\000E\000v\000e\000n\000t\000s}{chapter.3}% 21
\BOOKMARK [2][-]{subsection.3.5.1}{\376\377\000N\000e\000g\000o\000t\000i\000a\000t\000e\000d\000\040\000A\000c\000c\000e\000s\000s\000\040\000S\000t\000a\000n\000d\000a\000r\000d}{section.3.5}% 22
\BOOKMARK [2][-]{subsection.3.5.2}{\376\377\000A\000s\000s\000e\000s\000s\000m\000e\000n\000t\000\040\000M\000e\000t\000h\000o\000d\000o\000l\000o\000g\000y}{section.3.5}% 23
\BOOKMARK [2][-]{subsection.3.5.3}{\376\377\000R\000e\000s\000u\000l\000t\000s}{section.3.5}% 24
\BOOKMARK [1][-]{section.3.6}{\376\377\000[\000S\0005\000.\0002\000.\0005\000.\0006\000]\000\040\000Q\000u\000a\000l\000i\000t\000y\000\040\000o\000f\000\040\000E\000l\000e\000c\000t\000r\000i\000c\000i\000t\000y\000\040\000G\000e\000n\000e\000r\000a\000t\000e\000d\000\040\000a\000n\000d\000\040\000C\000o\000n\000t\000i\000n\000u\000o\000u\000s\000\040\000U\000n\000i\000n\000t\000e\000r\000r\000u\000p\000t\000e\000d\000\040\000O\000p\000e\000r\000a\000t\000i\000o\000n}{chapter.3}% 25
\BOOKMARK [2][-]{subsection.3.6.1}{\376\377\000N\000e\000g\000o\000t\000i\000a\000t\000e\000d\000\040\000A\000c\000c\000e\000s\000s\000\040\000S\000t\000a\000n\000d\000a\000r\000d}{section.3.6}% 26
\BOOKMARK [2][-]{subsection.3.6.2}{\376\377\000A\000s\000s\000e\000s\000s\000m\000e\000n\000t}{section.3.6}% 27
\BOOKMARK [1][-]{section.3.7}{\376\377\000[\000S\0005\000.\0002\000.\0005\000.\0007\000]\000\040\000P\000a\000r\000t\000i\000a\000l\000\040\000L\000o\000a\000d\000\040\000R\000e\000j\000e\000c\000t\000i\000o\000n}{chapter.3}% 28
\BOOKMARK [2][-]{subsection.3.7.1}{\376\377\000A\000u\000t\000o\000m\000a\000t\000i\000c\000\040\000A\000c\000c\000e\000s\000s\000\040\000S\000t\000a\000n\000d\000a\000r\000d}{section.3.7}% 29
\BOOKMARK [2][-]{subsection.3.7.2}{\376\377\000A\000s\000s\000e\000s\000s\000m\000e\000n\000t\000\040\000M\000e\000t\000h\000o\000d\000o\000l\000o\000g\000y}{section.3.7}% 30
\BOOKMARK [2][-]{subsection.3.7.3}{\376\377\000R\000e\000s\000u\000l\000t\000s}{section.3.7}% 31
\BOOKMARK [1][-]{section.3.8}{\376\377\000[\000S\0005\000.\0002\000.\0005\000.\0008\000]\000\040\000P\000r\000o\000t\000e\000c\000t\000i\000o\000n\000\040\000o\000f\000\040\000G\000e\000n\000e\000r\000a\000t\000i\000n\000g\000\040\000S\000y\000s\000t\000e\000m\000s\000\040\000f\000r\000o\000m\000\040\000P\000o\000w\000e\000r\000\040\000S\000y\000s\000t\000e\000m\000\040\000D\000i\000s\000t\000u\000r\000b\000a\000n\000c\000e\000s}{chapter.3}% 32
\BOOKMARK [2][-]{subsection.3.8.1}{\376\377\000M\000i\000n\000i\000m\000u\000m\000\040\000A\000c\000c\000e\000s\000s\000\040\000S\000t\000a\000n\000d\000a\000r\000d}{section.3.8}% 33
\BOOKMARK [2][-]{subsection.3.8.2}{\376\377\000A\000s\000s\000e\000s\000s\000m\000e\000n\000t\000\040\000M\000e\000t\000h\000o\000d\000o\000l\000o\000g\000y}{section.3.8}% 34
\BOOKMARK [2][-]{subsection.3.8.3}{\376\377\000R\000e\000s\000u\000l\000t\000s}{section.3.8}% 35
\BOOKMARK [1][-]{section.3.9}{\376\377\000[\000S\0005\000.\0002\000.\0005\000.\0009\000]\000\040\000P\000r\000o\000t\000e\000c\000t\000i\000o\000n\000\040\000S\000y\000s\000t\000e\000m\000s\000\040\000t\000h\000a\000t\000\040\000I\000m\000p\000a\000c\000t\000\040\000o\000n\000\040\000P\000o\000w\000e\000r\000\040\000S\000y\000s\000t\000e\000m\000\040\000S\000e\000c\000u\000r\000i\000t\000y}{chapter.3}% 36
\BOOKMARK [2][-]{subsection.3.9.1}{\376\377\000A\000u\000t\000o\000m\000a\000t\000i\000c\000\040\000A\000c\000c\000e\000s\000s\000\040\000S\000t\000a\000n\000d\000a\000r\000d}{section.3.9}% 37
\BOOKMARK [2][-]{subsection.3.9.2}{\376\377\000A\000s\000s\000e\000s\000s\000m\000e\000n\000t}{section.3.9}% 38
\BOOKMARK [1][-]{section.3.10}{\376\377\000[\000S\0005\000.\0002\000.\0005\000.\0001\0000\000]\000\040\000P\000r\000o\000t\000e\000c\000t\000i\000o\000n\000\040\000t\000o\000\040\000T\000r\000i\000p\000\040\000P\000l\000a\000n\000t\000\040\000f\000o\000r\000\040\000U\000n\000s\000t\000a\000b\000l\000e\000\040\000O\000p\000e\000r\000a\000t\000i\000o\000n}{chapter.3}% 39
\BOOKMARK [2][-]{subsection.3.10.1}{\376\377\000A\000u\000t\000o\000m\000a\000t\000i\000c\000\040\000A\000c\000c\000e\000s\000s\000\040\000S\000t\000a\000n\000d\000a\000r\000d}{section.3.10}% 40
\BOOKMARK [2][-]{subsection.3.10.2}{\376\377\000A\000s\000s\000e\000s\000s\000m\000e\000n\000t}{section.3.10}% 41
\BOOKMARK [1][-]{section.3.11}{\376\377\000[\000S\0005\000.\0002\000.\0005\000.\0001\0001\000]\000\040\000F\000r\000e\000q\000u\000e\000n\000c\000y\000\040\000C\000o\000n\000t\000r\000o\000l}{chapter.3}% 42
\BOOKMARK [2][-]{subsection.3.11.1}{\376\377\000A\000u\000t\000o\000m\000a\000t\000i\000c\000\040\000A\000c\000c\000e\000s\000s\000\040\000S\000t\000a\000n\000d\000a\000r\000d}{section.3.11}% 43
\BOOKMARK [2][-]{subsection.3.11.2}{\376\377\000A\000s\000s\000e\000s\000s\000m\000e\000n\000t\000\040\000M\000e\000t\000h\000o\000d\000o\000l\000o\000g\000y}{section.3.11}% 44
\BOOKMARK [2][-]{subsection.3.11.3}{\376\377\000F\000C\000A\000S\000\040\000A\000s\000s\000e\000s\000s\000m\000e\000n\000t\000\040\000M\000e\000t\000h\000o\000d\000o\000l\000o\000g\000y}{section.3.11}% 45
\BOOKMARK [2][-]{subsection.3.11.4}{\376\377\000R\000e\000s\000u\000l\000t\000s}{section.3.11}% 46
\BOOKMARK [2][-]{subsection.3.11.5}{\376\377\000F\000C\000A\000S\000\040\000R\000e\000s\000u\000l\000t\000s}{section.3.11}% 47
\BOOKMARK [1][-]{section.3.12}{\376\377\000[\000S\0005\000.\0002\000.\0005\000.\0001\0002\000]\000\040\000I\000m\000p\000a\000c\000t\000\040\000o\000n\000\040\000N\000e\000t\000w\000o\000r\000k\000\040\000C\000a\000p\000a\000b\000i\000l\000i\000t\000y}{chapter.3}% 48
\BOOKMARK [2][-]{subsection.3.12.1}{\376\377\000A\000u\000t\000o\000m\000a\000t\000i\000c\000\040\000A\000c\000c\000e\000s\000s\000\040\000S\000t\000a\000n\000d\000a\000r\000d}{section.3.12}% 49
\BOOKMARK [2][-]{subsection.3.12.2}{\376\377\000A\000s\000s\000e\000s\000s\000m\000e\000n\000t\000\040\000M\000e\000t\000h\000o\000d\000o\000l\000o\000g\000y}{section.3.12}% 50
\BOOKMARK [2][-]{subsection.3.12.3}{\376\377\000R\000e\000s\000u\000l\000t\000s}{section.3.12}% 51
\BOOKMARK [1][-]{section.3.13}{\376\377\000[\000S\0005\000.\0002\000.\0005\000.\0001\0003\000]\000\040\000V\000o\000l\000t\000a\000g\000e\000\040\000a\000n\000d\000\040\000R\000e\000a\000c\000t\000i\000v\000e\000\040\000P\000o\000w\000e\000r\000\040\000C\000o\000n\000t\000r\000o\000l}{chapter.3}% 52
\BOOKMARK [2][-]{subsection.3.13.1}{\376\377\000A\000u\000t\000o\000m\000a\000t\000i\000c\000\040\000A\000c\000c\000e\000s\000s\000\040\000S\000t\000a\000n\000d\000a\000r\000d}{section.3.13}% 53
\BOOKMARK [2][-]{subsection.3.13.2}{\376\377\000A\000s\000s\000e\000s\000s\000m\000e\000n\000t\000\040\000M\000e\000t\000h\000o\000d\000o\000l\000o\000g\000y}{section.3.13}% 54
\BOOKMARK [2][-]{subsection.3.13.3}{\376\377\000S\000M\000I\000B\000\040\000s\000t\000u\000d\000y\000\040\000r\000e\000s\000u\000l\000t\000s}{section.3.13}% 55
\BOOKMARK [2][-]{subsection.3.13.4}{\376\377\000W\000i\000d\000e\000\040\000a\000r\000e\000a\000\040\000s\000t\000u\000d\000y\000\040\000r\000e\000s\000u\000l\000t\000s}{section.3.13}% 56
\BOOKMARK [1][-]{section.3.14}{\376\377\000[\000S\0005\000.\0002\000.\0005\000.\0001\0004\000]\000\040\000A\000c\000t\000i\000v\000e\000\040\000P\000o\000w\000e\000r\000\040\000C\000o\000n\000t\000r\000o\000l}{chapter.3}% 57
\BOOKMARK [2][-]{subsection.3.14.1}{\376\377\000A\000u\000t\000o\000m\000a\000t\000i\000c\000\040\000A\000c\000c\000e\000s\000s\000\040\000S\000t\000a\000n\000d\000a\000r\000d}{section.3.14}% 58
\BOOKMARK [2][-]{subsection.3.14.2}{\376\377\000A\000s\000s\000e\000s\000s\000m\000e\000n\000t\000\040\000M\000e\000t\000h\000o\000d\000o\000l\000o\000g\000y}{section.3.14}% 59
\BOOKMARK [2][-]{subsection.3.14.3}{\376\377\000R\000e\000s\000u\000l\000t\000s}{section.3.14}% 60
\BOOKMARK [1][-]{section.3.15}{\376\377\000[\000S\0005\000.\0002\000.\0008\000\040\000a\000n\000d\000\040\000S\0005\000.\0003\000.\0002\000\050\000b\000\051\000]\000\040\000F\000a\000u\000l\000t\000\040\000C\000u\000r\000r\000e\000n\000t}{chapter.3}% 61
\BOOKMARK [2][-]{subsection.3.15.1}{\376\377\000A\000g\000r\000e\000e\000d\000\040\000A\000c\000c\000e\000s\000s\000\040\000S\000t\000a\000n\000d\000a\000r\000d}{section.3.15}% 62
\BOOKMARK [2][-]{subsection.3.15.2}{\376\377\000A\000s\000s\000e\000s\000s\000m\000e\000n\000t\000\040\000M\000e\000t\000h\000o\000d\000o\000l\000o\000g\000y}{section.3.15}% 63
\BOOKMARK [2][-]{subsection.3.15.3}{\376\377\000R\000e\000s\000u\000l\000t\000s}{section.3.15}% 64
\BOOKMARK [1][-]{section.3.16}{\376\377\000E\000S\000C\000O\000S\000A\000\040\000L\000i\000c\000e\000n\000s\000e\000\040\000C\000o\000n\000d\000i\000t\000i\000o\000n\000s}{chapter.3}% 65
\BOOKMARK [2][-]{subsection.3.16.1}{\376\377\000D\000i\000s\000t\000u\000r\000b\000a\000n\000c\000e\000\040\000R\000i\000d\000e\000\040\000T\000h\000r\000o\000u\000g\000h\000\040\000C\000a\000p\000a\000b\000i\000l\000i\000t\000y}{section.3.16}% 66
\BOOKMARK [2][-]{subsection.3.16.2}{\376\377\000S\000y\000s\000t\000e\000m\000\040\000S\000t\000r\000e\000n\000g\000t\000h}{section.3.16}% 67
\BOOKMARK [0][-]{chapter.4}{\376\377\000A\000p\000p\000e\000n\000d\000i\000c\000e\000s}{}% 68
\BOOKMARK [1][-]{section.4.1}{\376\377\000G\000r\000i\000d\000\040\000F\000r\000e\000q\000u\000e\000n\000c\000y\000\040\000D\000i\000s\000t\000u\000r\000b\000a\000n\000c\000e\000\040\000W\000i\000t\000h\000s\000t\000a\000n\000d\000\040\000T\000e\000s\000t\000s\000\040\000[\000S\0005\000.\0002\000.\0005\000.\0003\000]}{chapter.4}% 69
\BOOKMARK [1][-]{section.4.2}{\376\377\000G\000r\000i\000d\000\040\000V\000o\000l\000t\000a\000g\000e\000\040\000D\000i\000s\000t\000u\000r\000b\000a\000n\000c\000e\000\040\000W\000i\000t\000h\000s\000t\000a\000n\000d\000\040\000T\000e\000s\000t\000s\000\040\000[\000S\0005\000.\0002\000.\0005\000.\0004\000]}{chapter.4}% 70
\BOOKMARK [1][-]{section.4.3}{\376\377\000C\000o\000n\000t\000i\000n\000u\000o\000u\000s\000\040\000U\000n\000i\000n\000t\000e\000r\000r\000u\000p\000t\000e\000d\000\040\000O\000p\000e\000r\000a\000t\000i\000o\000n\000\040\000[\000S\0005\000.\0002\000.\0005\000.\0004\000]}{chapter.4}% 71
\BOOKMARK [1][-]{section.4.4}{\376\377\000B\000a\000l\000a\000n\000c\000e\000d\000\040\000F\000a\000u\000l\000t\000s\000\040\000[\000S\0005\000.\0002\000.\0005\000.\0005\000]}{chapter.4}% 72
\BOOKMARK [1][-]{section.4.5}{\376\377\000U\000n\000b\000a\000l\000a\000n\000c\000e\000d\000\040\000F\000a\000u\000l\000t\000s\000\040\000[\000S\0005\000.\0002\000.\0005\000.\0005\000]}{chapter.4}% 73
\BOOKMARK [1][-]{section.4.6}{\376\377\000T\000e\000m\000p\000o\000r\000a\000r\000y\000\040\000O\000v\000e\000r\000-\000V\000o\000l\000t\000a\000g\000e\000\040\000T\000e\000s\000t\000s\000\040\000[\000S\0005\000.\0002\000.\0005\000.\0005\000]}{chapter.4}% 74
\BOOKMARK [1][-]{section.4.7}{\376\377\000W\000A\000N\000\040\000C\000a\000s\000e\000\040\0001\000\040\000-\000\040\000W\000i\000d\000e\000\040\000A\000r\000e\000a\000\040\000N\000e\000t\000w\000o\000r\000k\000\040\000C\000o\000n\000t\000i\000n\000g\000e\000n\000c\000y\000\040\000\040\000R\000e\000s\000u\000l\000t\000s\000\040\000[\000S\0005\000.\0002\000.\0005\000.\0005\000]}{chapter.4}% 75
\BOOKMARK [1][-]{section.4.8}{\376\377\000W\000A\000N\000\040\000C\000a\000s\000e\000\040\0002\000\040\000-\000\040\000W\000i\000d\000e\000\040\000A\000r\000e\000a\000\040\000N\000e\000t\000w\000o\000r\000k\000\040\000C\000o\000n\000t\000i\000n\000g\000e\000n\000c\000y\000\040\000\040\000R\000e\000s\000u\000l\000t\000s\000\040\000[\000S\0005\000.\0002\000.\0005\000.\0005\000]}{chapter.4}% 76
\BOOKMARK [1][-]{section.4.9}{\376\377\000W\000A\000N\000\040\000C\000a\000s\000e\000\040\0003\000\040\000-\000\040\000W\000i\000d\000e\000\040\000A\000r\000e\000a\000\040\000N\000e\000t\000w\000o\000r\000k\000\040\000C\000o\000n\000t\000i\000n\000g\000e\000n\000c\000y\000\040\000\040\000R\000e\000s\000u\000l\000t\000s\000\040\000[\000S\0005\000.\0002\000.\0005\000.\0005\000]}{chapter.4}% 77
\BOOKMARK [1][-]{section.4.10}{\376\377\000W\000A\000N\000\040\000C\000a\000s\000e\000\040\0004\000\040\000-\000\040\000W\000i\000d\000e\000\040\000A\000r\000e\000a\000\040\000N\000e\000t\000w\000o\000r\000k\000\040\000C\000o\000n\000t\000i\000n\000g\000e\000n\000c\000y\000\040\000\040\000R\000e\000s\000u\000l\000t\000s\000\040\000[\000S\0005\000.\0002\000.\0005\000.\0005\000]}{chapter.4}% 78
\BOOKMARK [1][-]{section.4.11}{\376\377\000P\000a\000r\000t\000i\000a\000l\000\040\000L\000o\000a\000d\000\040\000R\000e\000j\000e\000c\000t\000i\000o\000n\000\040\000T\000e\000s\000t\000s\000\040\000[\000S\0005\000.\0002\000.\0005\000.\0007\000]}{chapter.4}% 79
\BOOKMARK [1][-]{section.4.12}{\376\377\000F\000r\000e\000q\000u\000e\000n\000c\000y\000\040\000P\000r\000o\000t\000e\000c\000t\000i\000o\000n\000\040\000T\000e\000s\000t\000s\000\040\000[\000S\0005\000.\0002\000.\0005\000.\0008\000]}{chapter.4}% 80
\BOOKMARK [1][-]{section.4.13}{\376\377\000V\000o\000l\000t\000a\000g\000e\000\040\000P\000r\000o\000t\000e\000c\000t\000i\000o\000n\000\040\000T\000e\000s\000t\000s\000\040\000[\000S\0005\000.\0002\000.\0005\000.\0008\000]}{chapter.4}% 81
\BOOKMARK [1][-]{section.4.14}{\376\377\0001\000\040\000G\000r\000i\000d\000\040\000F\000r\000e\000q\000u\000e\000n\000c\000y\000\040\000D\000i\000s\000t\000u\000r\000b\000a\000n\000c\000e\000\040\000S\000t\000e\000p\000\040\000T\000e\000s\000t\000s\000\040\000[\000S\0005\000.\0002\000.\0005\000.\0001\0001\000]\000\040\000\040\000\050\000P\000S\000C\000A\000D\000\051}{chapter.4}% 82
\BOOKMARK [1][-]{section.4.15}{\376\377\0002\000\040\000G\000r\000i\000d\000\040\000F\000r\000e\000q\000u\000e\000n\000c\000y\000\040\000D\000i\000s\000t\000u\000r\000b\000a\000n\000c\000e\000\040\000S\000t\000e\000p\000\040\000T\000e\000s\000t\000s\000\040\000[\000S\0005\000.\0002\000.\0005\000.\0001\0001\000]\000\040\000\040\000\050\000P\000S\000S\000E\000\051}{chapter.4}% 83
\BOOKMARK [1][-]{section.4.16}{\376\377\000W\000A\000N\000\040\000C\000a\000s\000e\000\040\0001\000\040\000-\000\040\000W\000i\000d\000e\000\040\000A\000r\000e\000a\000\040\000N\000e\000t\000w\000o\000r\000k\000\040\000C\000o\000n\000t\000i\000n\000g\000e\000n\000c\000y\000\040\000\040\000O\000v\000e\000r\000l\000a\000y\000s\000\040\000[\000S\0005\000.\0002\000.\0005\000.\0001\0002\000]}{chapter.4}% 84
\BOOKMARK [1][-]{section.4.17}{\376\377\000W\000A\000N\000\040\000C\000a\000s\000e\000\040\0002\000\040\000-\000\040\000W\000i\000d\000e\000\040\000A\000r\000e\000a\000\040\000N\000e\000t\000w\000o\000r\000k\000\040\000C\000o\000n\000t\000i\000n\000g\000e\000n\000c\000y\000\040\000\040\000O\000v\000e\000r\000l\000a\000y\000s\000\040\000[\000S\0005\000.\0002\000.\0005\000.\0001\0002\000]}{chapter.4}% 85
\BOOKMARK [1][-]{section.4.18}{\376\377\000W\000A\000N\000\040\000C\000a\000s\000e\000\040\0003\000\040\000-\000\040\000W\000i\000d\000e\000\040\000A\000r\000e\000a\000\040\000N\000e\000t\000w\000o\000r\000k\000\040\000C\000o\000n\000t\000i\000n\000g\000e\000n\000c\000y\000\040\000\040\000O\000v\000e\000r\000l\000a\000y\000s\000\040\000[\000S\0005\000.\0002\000.\0005\000.\0001\0002\000]}{chapter.4}% 86
\BOOKMARK [1][-]{section.4.19}{\376\377\000W\000A\000N\000\040\000C\000a\000s\000e\000\040\0004\000\040\000-\000\040\000W\000i\000d\000e\000\040\000A\000r\000e\000a\000\040\000N\000e\000t\000w\000o\000r\000k\000\040\000C\000o\000n\000t\000i\000n\000g\000e\000n\000c\000y\000\040\000\040\000O\000v\000e\000r\000l\000a\000y\000s\000\040\000[\000S\0005\000.\0002\000.\0005\000.\0001\0002\000]}{chapter.4}% 87
\BOOKMARK [1][-]{section.4.20}{\376\377\000G\000r\000i\000d\000\040\000V\000o\000l\000t\000a\000g\000e\000\040\000D\000i\000s\000t\000u\000r\000b\000a\000n\000c\000e\000\040\000S\000t\000e\000p\000\040\000T\000e\000s\000t\000s\000\040\000[\000S\0005\000.\0002\000.\0005\000.\0001\0003\000]}{chapter.4}% 88
\BOOKMARK [1][-]{section.4.21}{\376\377\000V\000o\000l\000t\000a\000g\000e\000\040\000R\000e\000f\000e\000r\000e\000n\000c\000e\000\040\000S\000t\000e\000p\000\040\000T\000e\000s\000t\000s\000\040\000\050\000S\000M\000I\000B\000\051\000\040\000[\000S\0005\000.\0002\000.\0005\000.\0001\0003\000]}{chapter.4}% 89
\BOOKMARK [1][-]{section.4.22}{\376\377\000W\000A\000N\000\040\000C\000a\000s\000e\000\040\0001\000\040\000-\000\040\000V\000o\000l\000t\000a\000g\000e\000\040\000R\000e\000f\000e\000r\000e\000n\000c\000e\000\040\000S\000t\000e\000p\000\040\000T\000e\000s\000t\000s\000\040\000\040\000\050\000W\000A\000N\000\051\000\040\000[\000S\0005\000.\0002\000.\0005\000.\0001\0003\000]}{chapter.4}% 90
\BOOKMARK [1][-]{section.4.23}{\376\377\000W\000A\000N\000\040\000C\000a\000s\000e\000\040\0002\000\040\000-\000\040\000V\000o\000l\000t\000a\000g\000e\000\040\000R\000e\000f\000e\000r\000e\000n\000c\000e\000\040\000S\000t\000e\000p\000\040\000T\000e\000s\000t\000s\000\040\000\040\000\050\000W\000A\000N\000\051\000\040\000[\000S\0005\000.\0002\000.\0005\000.\0001\0003\000]}{chapter.4}% 91
\BOOKMARK [1][-]{section.4.24}{\376\377\000W\000A\000N\000\040\000C\000a\000s\000e\000\040\0003\000\040\000-\000\040\000V\000o\000l\000t\000a\000g\000e\000\040\000R\000e\000f\000e\000r\000e\000n\000c\000e\000\040\000S\000t\000e\000p\000\040\000T\000e\000s\000t\000s\000\040\000\040\000\050\000W\000A\000N\000\051\000\040\000[\000S\0005\000.\0002\000.\0005\000.\0001\0003\000]}{chapter.4}% 92
\BOOKMARK [1][-]{section.4.25}{\376\377\000W\000A\000N\000\040\000C\000a\000s\000e\000\040\0004\000\040\000-\000\040\000V\000o\000l\000t\000a\000g\000e\000\040\000R\000e\000f\000e\000r\000e\000n\000c\000e\000\040\000S\000t\000e\000p\000\040\000T\000e\000s\000t\000s\000\040\000\040\000\050\000W\000A\000N\000\051\000\040\000[\000S\0005\000.\0002\000.\0005\000.\0001\0003\000]}{chapter.4}% 93
\BOOKMARK [1][-]{section.4.26}{\376\377\000R\000e\000a\000c\000t\000i\000v\000e\000\040\000P\000o\000w\000e\000r\000\040\000R\000e\000f\000e\000r\000e\000n\000c\000e\000\040\000S\000t\000e\000p\000\040\000T\000e\000s\000t\000s\000\040\000\050\000S\000M\000I\000B\000\051\000\040\000[\000S\0005\000.\0002\000.\0005\000.\0001\0003\000]}{chapter.4}% 94
\BOOKMARK [1][-]{section.4.27}{\376\377\000W\000A\000N\000\040\000C\000a\000s\000e\000\040\0001\000\040\000-\000\040\000R\000e\000a\000c\000t\000i\000v\000e\000\040\000P\000o\000w\000e\000r\000\040\000R\000e\000f\000e\000r\000e\000n\000c\000e\000\040\000S\000t\000e\000p\000\040\000T\000e\000s\000t\000s\000\040\000\040\000\050\000W\000A\000N\000\051\000\040\000[\000S\0005\000.\0002\000.\0005\000.\0001\0003\000]}{chapter.4}% 95
\BOOKMARK [1][-]{section.4.28}{\376\377\000W\000A\000N\000\040\000C\000a\000s\000e\000\040\0002\000\040\000-\000\040\000R\000e\000a\000c\000t\000i\000v\000e\000\040\000P\000o\000w\000e\000r\000\040\000R\000e\000f\000e\000r\000e\000n\000c\000e\000\040\000S\000t\000e\000p\000\040\000T\000e\000s\000t\000s\000\040\000\040\000\050\000W\000A\000N\000\051\000\040\000[\000S\0005\000.\0002\000.\0005\000.\0001\0003\000]}{chapter.4}% 96
\BOOKMARK [1][-]{section.4.29}{\376\377\000W\000A\000N\000\040\000C\000a\000s\000e\000\040\0003\000\040\000-\000\040\000R\000e\000a\000c\000t\000i\000v\000e\000\040\000P\000o\000w\000e\000r\000\040\000R\000e\000f\000e\000r\000e\000n\000c\000e\000\040\000S\000t\000e\000p\000\040\000T\000e\000s\000t\000s\000\040\000\040\000\050\000W\000A\000N\000\051\000\040\000[\000S\0005\000.\0002\000.\0005\000.\0001\0003\000]}{chapter.4}% 97
\BOOKMARK [1][-]{section.4.30}{\376\377\000W\000A\000N\000\040\000C\000a\000s\000e\000\040\0004\000\040\000-\000\040\000R\000e\000a\000c\000t\000i\000v\000e\000\040\000P\000o\000w\000e\000r\000\040\000R\000e\000f\000e\000r\000e\000n\000c\000e\000\040\000S\000t\000e\000p\000\040\000T\000e\000s\000t\000s\000\040\000\040\000\050\000W\000A\000N\000\051\000\040\000[\000S\0005\000.\0002\000.\0005\000.\0001\0003\000]}{chapter.4}% 98
\BOOKMARK [1][-]{section.4.31}{\376\377\000P\000o\000w\000e\000r\000\040\000F\000a\000c\000t\000o\000r\000\040\000R\000e\000f\000e\000r\000e\000n\000c\000e\000\040\000S\000t\000e\000p\000\040\000T\000e\000s\000t\000s\000\040\000\050\000S\000M\000I\000B\000\051\000\040\000[\000S\0005\000.\0002\000.\0005\000.\0001\0003\000]}{chapter.4}% 99
\BOOKMARK [1][-]{section.4.32}{\376\377\000W\000A\000N\000\040\000C\000a\000s\000e\000\040\0001\000\040\000-\000\040\000P\000o\000w\000e\000r\000\040\000F\000a\000c\000t\000o\000r\000\040\000R\000e\000f\000e\000r\000e\000n\000c\000e\000\040\000S\000t\000e\000p\000\040\000T\000e\000s\000t\000s\000\040\000\040\000\050\000W\000A\000N\000\051\000\040\000[\000S\0005\000.\0002\000.\0005\000.\0001\0003\000]}{chapter.4}% 100
\BOOKMARK [1][-]{section.4.33}{\376\377\000W\000A\000N\000\040\000C\000a\000s\000e\000\040\0002\000\040\000-\000\040\000P\000o\000w\000e\000r\000\040\000F\000a\000c\000t\000o\000r\000\040\000R\000e\000f\000e\000r\000e\000n\000c\000e\000\040\000S\000t\000e\000p\000\040\000T\000e\000s\000t\000s\000\040\000\040\000\050\000W\000A\000N\000\051\000\040\000[\000S\0005\000.\0002\000.\0005\000.\0001\0003\000]}{chapter.4}% 101
\BOOKMARK [1][-]{section.4.34}{\376\377\000W\000A\000N\000\040\000C\000a\000s\000e\000\040\0003\000\040\000-\000\040\000P\000o\000w\000e\000r\000\040\000F\000a\000c\000t\000o\000r\000\040\000R\000e\000f\000e\000r\000e\000n\000c\000e\000\040\000S\000t\000e\000p\000\040\000T\000e\000s\000t\000s\000\040\000\040\000\050\000W\000A\000N\000\051\000\040\000[\000S\0005\000.\0002\000.\0005\000.\0001\0003\000]}{chapter.4}% 102
\BOOKMARK [1][-]{section.4.35}{\376\377\000W\000A\000N\000\040\000C\000a\000s\000e\000\040\0004\000\040\000-\000\040\000P\000o\000w\000e\000r\000\040\000F\000a\000c\000t\000o\000r\000\040\000R\000e\000f\000e\000r\000e\000n\000c\000e\000\040\000S\000t\000e\000p\000\040\000T\000e\000s\000t\000s\000\040\000\040\000\050\000W\000A\000N\000\051\000\040\000[\000S\0005\000.\0002\000.\0005\000.\0001\0003\000]}{chapter.4}% 103
\BOOKMARK [1][-]{section.4.36}{\376\377\000A\000c\000t\000i\000v\000e\000\040\000P\000o\000w\000e\000r\000\040\000C\000o\000n\000t\000r\000o\000l\000\040\000T\000e\000s\000t\000s\000\040\000[\000S\0005\000.\0002\000.\0005\000.\0001\0004\000]}{chapter.4}% 104
\BOOKMARK [1][-]{section.4.37}{\376\377\000F\000C\000A\000S\000\040\000T\000e\000s\000t\000s\000\040\000[\000S\0005\000.\0002\000.\0005\000.\0001\0001\000]}{chapter.4}% 105
\BOOKMARK [1][-]{section.4.38}{\376\377\000G\000r\000i\000d\000\040\000o\000s\000c\000i\000l\000l\000a\000t\000i\000o\000n\000\040\000r\000e\000j\000e\000c\000t\000i\000o\000n\000\040\000t\000e\000s\000t\000s\000\040\000[\000S\0005\000.\0002\000.\0005\000.\0001\0003\000]}{chapter.4}% 106
